Reading config data
ItemType = Document
RelationType = Document File
FilesFolder = C:\Chaitanya\Offical\Projects\Niedec\Batch Loader
FilesFolder = C:\Chaitanya\Offical\Projects\Niedec\Batch Loader
Reading Input File .....
reading the header info... 
Reading config data
ItemType = Document
RelationType = Document File
FilesFolder = C:\Chaitanya\Offical\Projects\Niedec\Batch Loader
FilesFolder = C:\Chaitanya\Offical\Projects\Niedec\Batch Loader
Reading Input File .....
reading the header info... 
Reading config data
ItemType = Document
RelationType = Document File
FilesFolder = C:\Chaitanya\Offical\Projects\Niedec\Batch Loader
FilesFolder = C:\Chaitanya\Offical\Projects\Niedec\Batch Loader
Reading Input File .....
reading the header info... 
Reading config data
ItemType = Document
RelationType = Document File
FilesFolder = C:\Chaitanya\Offical\Projects\Niedec\Batch Loader
FilesFolder = C:\Chaitanya\Offical\Projects\Niedec\Batch Loader
FilesFolder = C:\Chaitanya\Offical\Projects\Niedec\Batch Loader
Reading Input File .....
reading the header info... 
Reading config data
ItemType = Document
RelationType = Document File
FilesFolder = C:\Chaitanya\Offical\Projects\Niedec\Batch Loader
FilesFolder = C:\Chaitanya\Offical\Projects\Niedec\Batch Loader
FilesFolder = C:\Chaitanya\Offical\Projects\Niedec\Batch Loader
Reading Input File .....
reading the header info... 
Reading config data
ItemType = Document
RelationType = Document File
FilesFolder = C:\Chaitanya\Offical\Projects\Niedec\Batch Loader
FilesFolder = C:\Chaitanya\Offical\Projects\Niedec\Batch Loader
FilesFolder = C:\Chaitanya\Offical\Projects\Niedec\Batch Loader
Reading Input File .....
reading the header info... 
Reading config data
ItemType = Document
RelationType = Document File
FilesFolder = C:\Chaitanya\Offical\Projects\Niedec\Batch Loader
FilesFolder = C:\Chaitanya\Offical\Projects\Niedec\Batch Loader
FilesFolder = C:\Chaitanya\Offical\Projects\Niedec\Batch Loader
Reading Input File .....
reading the header info... 
Reading config data
ItemType = Document
RelationType = Document File
FilesFolder = C:\Chaitanya\Offical\Projects\Niedec\Batch Loader
FilesFolder = C:\Chaitanya\Offical\Projects\Niedec\Batch Loader
FilesFolder = C:\Chaitanya\Offical\Projects\Niedec\Batch Loader
Reading Input File .....
reading the header info... 
Reading config data
ItemType = Document
RelationType = Document File
FilesFolder = C:\Chaitanya\Offical\Projects\Niedec\Batch Loader
FilesFolder = C:\Chaitanya\Offical\Projects\Niedec\Batch Loader
FilesFolder = C:\Chaitanya\Offical\Projects\Niedec\Batch Loader
Reading Input File .....
reading the header info... 
Reading config data
ItemType = Document
RelationType = Document File
FilesFolder = C:\Chaitanya\Offical\Projects\Niedec\Batch Loader
FilesFolder = C:\Chaitanya\Offical\Projects\Niedec\Batch Loader
FilesFolder = C:\Chaitanya\Offical\Projects\Niedec\Batch Loader
Reading Input File .....
reading the header info... 
Reading config data
ItemType = Document
RelationType = Document File
FilesFolder = C:\Chaitanya\Offical\Projects\Niedec\Batch Loader
FilesFolder = C:\Chaitanya\Offical\Projects\Niedec\Batch Loader
FilesFolder = C:\Chaitanya\Offical\Projects\Niedec\Batch Loader
Reading Input File .....
reading the header info... 
		Error while Updating the Properties
Exception while Queryng the ItemException of type 'System.Exception' was thrown.
		Error while Updating the Properties
Exception while Queryng the ItemException of type 'System.Exception' was thrown.
		Error while Updating the Properties
Exception while Queryng the ItemException of type 'System.Exception' was thrown.
		Error while Updating the Properties
Exception while Queryng the ItemException of type 'System.Exception' was thrown.
Reading config data
ItemType = Document
RelationType = Document File
FilesFolder = C:\Chaitanya\Offical\Projects\Niedec\Batch Loader
FilesFolder = C:\Chaitanya\Offical\Projects\Niedec\Batch Loader
FilesFolder = C:\Chaitanya\Offical\Projects\Niedec\Batch Loader
Reading Input File .....
reading the header info... 
		Error while Updating the Properties
Exception while Queryng the ItemException of type 'System.Exception' was thrown.
		Error while Updating the Properties
Exception while Queryng the ItemException of type 'System.Exception' was thrown.
		Error while Updating the Properties
Exception while Queryng the ItemException of type 'System.Exception' was thrown.
		Error while Updating the Properties
Exception while Queryng the ItemException of type 'System.Exception' was thrown.
Reading config data
ItemType = Document
RelationType = Document File
FilesFolder = C:\Chaitanya\Offical\Projects\Niedec\Batch Loader
FilesFolder = C:\Chaitanya\Offical\Projects\Niedec\Batch Loader
FilesFolder = C:\Chaitanya\Offical\Projects\Niedec\Batch Loader
Reading Input File .....
reading the header info... 
		Error while Updating the Properties
Exception while Queryng the ItemException of type 'System.Exception' was thrown.
		Error while Updating the Properties
Exception while Queryng the ItemException of type 'System.Exception' was thrown.
		Error while Updating the Properties
Exception while Queryng the ItemException of type 'System.Exception' was thrown.
		Error while Updating the Properties
Exception while Queryng the ItemException of type 'System.Exception' was thrown.
Reading config data
ItemType = Document
RelationType = Document File
FilesFolder = C:\Chaitanya\Offical\Projects\Niedec\Batch Loader
FilesFolder = C:\Chaitanya\Offical\Projects\Niedec\Batch Loader
FilesFolder = C:\Chaitanya\Offical\Projects\Niedec\Batch Loader
Reading Input File .....
reading the header info... 
Reading config data
ItemType = Document
RelationType = Document File
FilesFolder = C:\Chaitanya\Offical\Projects\Niedec\Batch Loader
FilesFolder = C:\Chaitanya\Offical\Projects\Niedec\Batch Loader
FilesFolder = C:\Chaitanya\Offical\Projects\Niedec\Batch Loader
Reading Input File .....
reading the header info... 
Reading config data
ItemType = Document
RelationType = Document File
FilesFolder = C:\Chaitanya\Offical\Projects\Niedec\Batch Loader
FilesFolder = C:\Chaitanya\Offical\Projects\Niedec\Batch Loader
FilesFolder = C:\Chaitanya\Offical\Projects\Niedec\Batch Loader
Reading Input File .....
reading the header info... 
Reading config data
ItemType = Document
RelationType = Document File
FilesFolder = C:\Chaitanya\Offical\Projects\Niedec\Batch Loader
FilesFolder = C:\Chaitanya\Offical\Projects\Niedec\Batch Loader
FilesFolder = C:\Chaitanya\Offical\Projects\Niedec\Batch Loader
Reading Input File .....
reading the header info... 
Reading config data
ItemType = CAD
RelationType = CADFile
FilesFolder = C:\Chaitanya\Offical\Projects\Niedec\Batch Loader
FilesFolder = C:\Chaitanya\Offical\Projects\Niedec\Batch Loader
FilesFolder = C:\Chaitanya\Offical\Projects\Niedec\Batch Loader
Reading Input File .....
reading the header info... 
Exception while Queryng the ItemNot a single item
Exception while Queryng the ItemNot a single item
Reading config data
ItemType = CAD
RelationType = CADFiles
FilesFolder = C:\Chaitanya\Offical\Projects\Niedec\Batch Loader
FilesFolder = C:\Chaitanya\Offical\Projects\Niedec\Batch Loader
FilesFolder = C:\Chaitanya\Offical\Projects\Niedec\Batch Loader
Reading Input File .....
reading the header info... 
Reading config data
ItemType = CAD
RelationType = CADFiles
FilesFolder = C:\Chaitanya\Offical\Projects\Niedec\Batch Loader
FilesFolder = C:\Chaitanya\Offical\Projects\Niedec\Batch Loader
FilesFolder = C:\Chaitanya\Offical\Projects\Niedec\Batch Loader
Reading Input File .....
reading the header info... 
Reading config data
ItemType = CAD
RelationType = CADFiles
FilesFolder = C:\Chaitanya\Offical\Projects\Niedec\Batch Loader
FilesFolder = C:\Chaitanya\Offical\Projects\Niedec\Batch Loader
FilesFolder = C:\Chaitanya\Offical\Projects\Niedec\Batch Loader
Reading Input File .....
reading the header info... 
Reading config data
ItemType = CAD
RelationType = CADFiles
FilesFolder = C:\Chaitanya\Offical\Projects\Niedec\Batch Loader
FilesFolder = C:\Chaitanya\Offical\Projects\Niedec\Batch Loader
FilesFolder = C:\Chaitanya\Offical\Projects\Niedec\Batch Loader
Reading Input File .....
reading the header info... 
Reading config data
ItemType = CAD
RelationType = CADFiles
FilesFolder = C:\Chaitanya\Offical\Projects\Niedec\Batch Loader
FilesFolder = C:\Chaitanya\Offical\Projects\Niedec\Batch Loader
FilesFolder = C:\Chaitanya\Offical\Projects\Niedec\Batch Loader
Reading Input File .....
reading the header info... 
	item_number~major_rev~name~modified_on~owned_by_id~File1~File2~File3
	N1Doc1~L~Name1~11/23/2017~Innovator Admin~28K0018 - REV A.pdf~28K0018 - REV A.SLDDRW~28K0018 - REV A.SLDPRT
	N2Doc2~A~N2Doc2Name~~Innovator Admin~28K0018 - REV A.pdf~28K0018 - REV A.SLDDRW~28K0018 - REV A.SLDPRT
	N2Doc2~D~N2Doc2Name~~Innovator Admin~28K0018 - REV D.pdf~~28K0018 - REV D.SLDPRT
	N2Doc2~E~N2Doc2Name~~Innovator Admin~28K0018 - REV D.pdf~28K0018 - REV D.SLDDRW~28K0018 - REV D.SLDPRT
Reading config data
ItemType = CAD
RelationType = CADFiles
FilesFolder = C:\Chaitanya\Offical\Projects\Niedec\NewDataImport\Chaitanya\Input
FilesFolder = C:\Chaitanya\Offical\Projects\Niedec\NewDataImport\Chaitanya\Input
FilesFolder = C:\Chaitanya\Offical\Projects\Niedec\NewDataImport\Chaitanya\Input
Reading Input File .....
reading the header info... 
	item_number~major_rev~name~modified_on~owned_by_id~File1~File2~File3
	N1Doc1~L~Name1~11/23/2017~Innovator Admin~28K0018 - REV A.pdf~28K0018 - REV A.SLDDRW~28K0018 - REV A.SLDPRT
	N2Doc2~A~N2Doc2Name~~Innovator Admin~28K0018 - REV A.pdf~28K0018 - REV A.SLDDRW~28K0018 - REV A.SLDPRT
	N2Doc2~D~N2Doc2Name~~Innovator Admin~28K0018 - REV D.pdf~~28K0018 - REV D.SLDPRT
	N2Doc2~E~N2Doc2Name~~Innovator Admin~28K0018 - REV D.pdf~28K0018 - REV D.SLDDRW~28K0018 - REV D.SLDPRT
Reading config data
ItemType = CAD
RelationType = CADFiles
FilesFolder = C:\Chaitanya\Offical\Projects\Niedec\NewDataImport\Chaitanya\Input
FilesFolder = C:\Chaitanya\Offical\Projects\Niedec\NewDataImport\Chaitanya\Input
FilesFolder = C:\Chaitanya\Offical\Projects\Niedec\NewDataImport\Chaitanya\Input
Reading Input File .....
reading the header info... 
	item_number~major_rev~legacy_revision~state~company_nbr_scheme~classification~description~File1~File2~File3
	12K0060~-~REV 0~Baseline~KRDC Ft. Wayne~Mechanical/Drawing~Rotor stack~12K0060 - REV 0.PDF~12K0060 - REV 0.SLDDRW~12K0060 - REV 0.SLDPRT
		Error while Creating the Item..No Lists found with id = 00000000000000000000000000000000
	12K0060~A~REV A~Released~KRDC Ft. Wayne~Mechanical/Drawing~~12K0060 - REV A.PDF~12K0060 - REV A.SLDDRW~12K0060 - REV A.SLDPRT
		Error while Creating the Item..No Lists found with id = 00000000000000000000000000000000
	12K0060~B~REV B~Released~KRDC Ft. Wayne~Mechanical/Drawing~~12K0060 - REV B.PDF~12K0060 - REV B.SLDDRW~12K0060 - REV B.SLDPRT
		Error while Creating the Item..No Lists found with id = 00000000000000000000000000000000
Reading config data
ItemType = CAD
RelationType = CADFiles
FilesFolder = C:\Chaitanya\Offical\Projects\Niedec\NewDataImport\Chaitanya\Input
FilesFolder = C:\Chaitanya\Offical\Projects\Niedec\NewDataImport\Chaitanya\Input
FilesFolder = C:\Chaitanya\Offical\Projects\Niedec\NewDataImport\Chaitanya\Input
Reading Input File .....
reading the header info... 
	item_number~major_rev~legacy_revision~state~company_nbr_scheme~classification~description~File1~File2~File3
	12K0060~-~REV 0~Baseline~KRDC Ft. Wayne~Mechanical/Drawing~Rotor stack~12K0060 - REV 0.PDF~12K0060 - REV 0.SLDDRW~12K0060 - REV 0.SLDPRT
		Error while Creating the Item..No Lists found with id = 00000000000000000000000000000000
	12K0060~A~REV A~Released~KRDC Ft. Wayne~Mechanical/Drawing~~12K0060 - REV A.PDF~12K0060 - REV A.SLDDRW~12K0060 - REV A.SLDPRT
		Error while Creating the Item..No Lists found with id = 00000000000000000000000000000000
	12K0060~B~REV B~Released~KRDC Ft. Wayne~Mechanical/Drawing~~12K0060 - REV B.PDF~12K0060 - REV B.SLDDRW~12K0060 - REV B.SLDPRT
		Error while Creating the Item..No Lists found with id = 00000000000000000000000000000000
